Listening for transport dt_socket at address: 60201
{"logLevel":"debug","message":"multithreading is set to false"}
{"logLevel":"debug","message":"Using reflection to scan dependencies for gauge implementations..."}
SLF4J: A number (20) of logging calls during the initialization phase have been intercepted and are
SLF4J: now being replayed. These are subject to the filtering rules of the underlying logging system.
SLF4J: See also http://www.slf4j.org/codes.html#replay
{"logLevel":"debug","message":"gauge-java took 1538milliseconds to load and scan. This should be less than 'runner_connection_timeout' config value."}
{"logLevel":"debug","message":"run 'gauge config runner_connection_timeout' and verify that it is < 1538"}
{"logLevel":"debug","message":"starting gRPC server..."}
2025-01-11 17:51:27 INFO  Reflections:219 scan - Reflections took 1226 ms to scan 148 urls, producing 5408 keys and 32647 values
{"logLevel":"debug","message":"started gRPC server on port 60215"}
{"logLevel":"info","message":"Listening on port:60215"}
{"logLevel":"debug","message":"Scanning packages for steps"}
{"logLevel":"debug","message":"Comparing 'step.BaseSteps.getElementWithKeyIfExistsWithMessage' and 'step.BaseSteps.getElementWithKeyIfExistsWithMessage'"}
{"logLevel":"debug","message":"Found Check if element {} exists else print message {} in current project scope."}
{"logLevel":"debug","message":"Comparing 'step.BaseSteps.getElementWithKeyIfExistsWithMessage' and 'step.BaseSteps.getElementWithKeyIfExistsWithMessage'"}
{"logLevel":"debug","message":"Found Element {} var mý kontrol et yoksa hata mesajý ver {} in current project scope."}
{"logLevel":"debug","message":"Comparing 'step.BaseSteps.sendKeysByKey' and 'step.BaseSteps.sendKeysByKey'"}
{"logLevel":"debug","message":"Found {} li elementi bul, temizle ve {} deðerini yaz in current project scope."}
{"logLevel":"debug","message":"Comparing 'step.BaseSteps.sendKeysByKey' and 'step.BaseSteps.sendKeysByKey'"}
{"logLevel":"debug","message":"Found Find element by {} clear and send keys {} in current project scope."}
{"logLevel":"debug","message":"Comparing 'step.BaseSteps.sendPostApi' and 'step.BaseSteps.sendPostApi'"}
{"logLevel":"debug","message":"Found Trendyol arama çubuðu bilgisi için istek atilir in current project scope."}
{"logLevel":"debug","message":"Comparing 'step.BaseSteps.checkElementAttributeNotExists' and 'step.BaseSteps.checkElementAttributeNotExists'"}
{"logLevel":"debug","message":"Found Check if element {} not have attribute {} in current project scope."}
{"logLevel":"debug","message":"Comparing 'step.BaseSteps.checkElementAttributeNotExists' and 'step.BaseSteps.checkElementAttributeNotExists'"}
{"logLevel":"debug","message":"Found {} elementi {} niteliðine sahip deðil mi in current project scope."}
{"logLevel":"debug","message":"Comparing 'step.BaseSteps.checkElementAttributeExists' and 'step.BaseSteps.checkElementAttributeExists'"}
{"logLevel":"debug","message":"Found Check if element {} has attribute {} in current project scope."}
{"logLevel":"debug","message":"Comparing 'step.BaseSteps.checkElementAttributeExists' and 'step.BaseSteps.checkElementAttributeExists'"}
{"logLevel":"debug","message":"Found {} elementi {} niteliðine sahip mi in current project scope."}
{"logLevel":"debug","message":"Comparing 'step.BaseSteps.checkURLContainsRepeat' and 'step.BaseSteps.checkURLContainsRepeat'"}
{"logLevel":"debug","message":"Found Check if current URL contains the value {} in current project scope."}
{"logLevel":"debug","message":"Comparing 'step.BaseSteps.checkURLContainsRepeat' and 'step.BaseSteps.checkURLContainsRepeat'"}
{"logLevel":"debug","message":"Found Þuanki URL {} deðerini içeriyor mu kontrol et in current project scope."}
{"logLevel":"debug","message":"Comparing 'step.BaseSteps.checkSumElement' and 'step.BaseSteps.checkSumElement'"}
{"logLevel":"debug","message":"Found {} {} deðiþkenlerini topla ve arayüzde görünen amount ile {} eþit mi kontrol et in current project scope."}
{"logLevel":"debug","message":"Comparing 'step.BaseSteps.clickCtrlA' and 'step.BaseSteps.clickCtrlA'"}
{"logLevel":"debug","message":"Found {} alaný üzerinde CTRL+a tuþuna bas in current project scope."}
{"logLevel":"debug","message":"Comparing 'step.BaseSteps.clickElement' and 'step.BaseSteps.clickElement'"}
{"logLevel":"debug","message":"Found Click to element {} in current project scope."}
{"logLevel":"debug","message":"Comparing 'step.BaseSteps.clickElement' and 'step.BaseSteps.clickElement'"}
{"logLevel":"debug","message":"Found Elementine týkla {} in current project scope."}
{"logLevel":"debug","message":"Comparing 'step.BaseSteps.checkElementAttributeEquals' and 'step.BaseSteps.checkElementAttributeEquals'"}
{"logLevel":"debug","message":"Found Check if {} element's attribute {} equals to the value {} in current project scope."}
{"logLevel":"debug","message":"Comparing 'step.BaseSteps.checkElementAttributeEquals' and 'step.BaseSteps.checkElementAttributeEquals'"}
{"logLevel":"debug","message":"Found {} elementinin {} niteliði {} deðerine sahip mi in current project scope."}
{"logLevel":"debug","message":"Comparing 'step.BaseSteps.checkElementExistsThenClickk' and 'step.BaseSteps.checkElementExistsThenClickk'"}
{"logLevel":"debug","message":"Found Wait for element if exist {} in current project scope."}
{"logLevel":"debug","message":"Comparing 'step.BaseSteps.checkElementExistsThenClickk' and 'step.BaseSteps.checkElementExistsThenClickk'"}
{"logLevel":"debug","message":"Found Elementi bekle {} in current project scope."}
{"logLevel":"debug","message":"Comparing 'step.BaseSteps.getElementWithKeyIfExists' and 'step.BaseSteps.getElementWithKeyIfExists'"}
{"logLevel":"debug","message":"Found Check if element {} exists in current project scope."}
{"logLevel":"debug","message":"Comparing 'step.BaseSteps.getElementWithKeyIfExists' and 'step.BaseSteps.getElementWithKeyIfExists'"}
{"logLevel":"debug","message":"Found Element var mý kontrol et {} in current project scope."}
{"logLevel":"debug","message":"Comparing 'step.BaseSteps.saveVariablee' and 'step.BaseSteps.saveVariablee'"}
{"logLevel":"debug","message":"Found {} elementinden alýnan deðeri noktalama iþaretleri ve son üç karakter silinerek double olarak {} deðiþkenine kaydet in current project scope."}
{"logLevel":"debug","message":"Comparing 'step.BaseSteps.ssendKeys' and 'step.BaseSteps.ssendKeys'"}
{"logLevel":"debug","message":"Found Write value {} to element {} in current project scope."}
{"logLevel":"debug","message":"Comparing 'step.BaseSteps.ssendKeys' and 'step.BaseSteps.ssendKeys'"}
{"logLevel":"debug","message":"Found {} textini {} elemente yaz in current project scope."}
{"logLevel":"debug","message":"Comparing 'step.BaseSteps.checkElementContainsText' and 'step.BaseSteps.checkElementContainsText'"}
{"logLevel":"debug","message":"Found Check if element {} contains text {} in current project scope."}
{"logLevel":"debug","message":"Comparing 'step.BaseSteps.checkElementContainsText' and 'step.BaseSteps.checkElementContainsText'"}
{"logLevel":"debug","message":"Found {} elementi {} deðerini içeriyor mu kontrol et in current project scope."}
{"logLevel":"debug","message":"Comparing 'step.BaseSteps.waitByMilliSeconds' and 'step.BaseSteps.waitByMilliSeconds'"}
{"logLevel":"debug","message":"Found Wait {} milliseconds in current project scope."}
{"logLevel":"debug","message":"Comparing 'step.BaseSteps.waitByMilliSeconds' and 'step.BaseSteps.waitByMilliSeconds'"}
{"logLevel":"debug","message":"Found {} milisaniye bekle in current project scope."}
{"logLevel":"debug","message":"Comparing 'step.BaseSteps.checkElementNotExists' and 'step.BaseSteps.checkElementNotExists'"}
{"logLevel":"debug","message":"Found Check if element {} not exists in current project scope."}
{"logLevel":"debug","message":"Comparing 'step.BaseSteps.checkElementNotExists' and 'step.BaseSteps.checkElementNotExists'"}
{"logLevel":"debug","message":"Found Element yok mu kontrol et {} in current project scope."}
{"logLevel":"debug","message":"Comparing 'step.BaseSteps.checkElementExistsThenClick' and 'step.BaseSteps.checkElementExistsThenClick'"}
{"logLevel":"debug","message":"Found Wait for element then click {} in current project scope."}
{"logLevel":"debug","message":"Comparing 'step.BaseSteps.checkElementExistsThenClick' and 'step.BaseSteps.checkElementExistsThenClick'"}
{"logLevel":"debug","message":"Found Elementi bekle ve sonra týkla {} in current project scope."}
{"logLevel":"debug","message":"Comparing 'step.BaseSteps.saveVariable' and 'step.BaseSteps.saveVariable'"}
{"logLevel":"debug","message":"Found {} elementinden alýnan value deðerini double olarak {} deðiþkenine kaydet in current project scope."}
{"logLevel":"debug","message":"Comparing 'step.BaseSteps.getCurrentDateandClick' and 'step.BaseSteps.getCurrentDateandClick'"}
{"logLevel":"debug","message":"Found {} elementine týkla ardýndan güncel tarih ve saati {} deðiþkenine kaydet in current project scope."}
{"logLevel":"debug","message":"Comparing 'step.BaseSteps.sendPostApi' and 'step.BaseSteps.sendPostApi'"}
{"logLevel":"debug","message":"Found Trendyol {} li arama çubuðuna apiden gelen response yazilir in current project scope."}
{"logLevel":"debug","message":"Comparing 'step.BaseSteps.getCurrentDateandClickkk' and 'step.BaseSteps.getCurrentDateandClickkk'"}
{"logLevel":"debug","message":"Found {} elementi {} deðiþken deðerini içeriyor mu kontrol et in current project scope."}
{"logLevel":"debug","message":"Comparing 'step.BaseSteps.checkElementAttributeContains' and 'step.BaseSteps.checkElementAttributeContains'"}
{"logLevel":"debug","message":"Found Check if {} element's attribute {} contains the value {} in current project scope."}
{"logLevel":"debug","message":"Comparing 'step.BaseSteps.checkElementAttributeContains' and 'step.BaseSteps.checkElementAttributeContains'"}
{"logLevel":"debug","message":"Found {} elementinin {} niteliði {} deðerini içeriyor mu in current project scope."}
{"logLevel":"debug","message":"Scanning packages for hooks"}
{"logLevel":"debug","message":"Scanned steps (using static parsing + reflections): "}
{"logLevel":"debug","message":"\tWait {} milliseconds : public void waitByMilliSeconds(long milliseconds)"}
{"logLevel":"debug","message":"\t{} elementinden alýnan value deðerini double olarak {} deðiþkenine kaydet : public void saveVariable(String key, String variablename)"}
{"logLevel":"debug","message":"\tCheck if element {} not have attribute {} : public void checkElementAttributeNotExists(String key, String attribute)"}
{"logLevel":"debug","message":"\t{} milisaniye bekle : public void waitByMilliSeconds(long milliseconds)"}
{"logLevel":"debug","message":"\tCheck if element {} has attribute {} : public void checkElementAttributeExists(String key, String attribute)"}
{"logLevel":"debug","message":"\tTrendyol {} li arama çubuðuna apiden gelen response yazilir : public void sendPostApi(String key)"}
{"logLevel":"debug","message":"\tElement {} var mý kontrol et yoksa hata mesajý ver {} : public void getElementWithKeyIfExistsWithMessage(String key, String message)"}
{"logLevel":"debug","message":"\t{} elementi {} deðerini içeriyor mu kontrol et : public void checkElementContainsText(String key, String expectedText)"}
{"logLevel":"debug","message":"\tElement yok mu kontrol et {} : public void checkElementNotExists(String key)"}
{"logLevel":"debug","message":"\tCheck if element {} exists else print message {} : public void getElementWithKeyIfExistsWithMessage(String key, String message)"}
{"logLevel":"debug","message":"\t{} elementi {} niteliðine sahip deðil mi : public void checkElementAttributeNotExists(String key, String attribute)"}
{"logLevel":"debug","message":"\tElement var mý kontrol et {} : public WebElement getElementWithKeyIfExists(String key)"}
{"logLevel":"debug","message":"\tCheck if {} element's attribute {} contains the value {} : public void checkElementAttributeContains(String key, String attribute, String expectedValue)"}
{"logLevel":"debug","message":"\t{} elementinden alýnan deðeri noktalama iþaretleri ve son üç karakter silinerek double olarak {} deðiþkenine kaydet : public void saveVariablee(String key, String variablename)"}
{"logLevel":"debug","message":"\tWait for element then click {} : public void checkElementExistsThenClick(String key)"}
{"logLevel":"debug","message":"\t{} alaný üzerinde CTRL+a tuþuna bas : public void clickCtrlA(String key)"}
{"logLevel":"debug","message":"\tÞuanki URL {} deðerini içeriyor mu kontrol et : public void checkURLContainsRepeat(String expectedURL)"}
{"logLevel":"debug","message":"\tFind element by {} clear and send keys {} : public void sendKeysByKey(String key, String text)"}
{"logLevel":"debug","message":"\t{} elementinin {} niteliði {} deðerini içeriyor mu : public void checkElementAttributeContains(String key, String attribute, String expectedValue)"}
{"logLevel":"debug","message":"\t{} elementinin {} niteliði {} deðerine sahip mi : public void checkElementAttributeEquals(String key, String attribute, String expectedValue)"}
{"logLevel":"debug","message":"\t{} elementi {} niteliðine sahip mi : public void checkElementAttributeExists(String key, String attribute)"}
{"logLevel":"debug","message":"\tCheck if element {} exists : public WebElement getElementWithKeyIfExists(String key)"}
{"logLevel":"debug","message":"\tWrite value {} to element {} : public void ssendKeys(String text, String key)"}
{"logLevel":"debug","message":"\tCheck if current URL contains the value {} : public void checkURLContainsRepeat(String expectedURL)"}
{"logLevel":"debug","message":"\t{} elementine týkla ardýndan güncel tarih ve saati {} deðiþkenine kaydet : public void getCurrentDateandClick(String key, String variablename)"}
{"logLevel":"debug","message":"\tCheck if element {} not exists : public void checkElementNotExists(String key)"}
{"logLevel":"debug","message":"\tCheck if element {} contains text {} : public void checkElementContainsText(String key, String expectedText)"}
{"logLevel":"debug","message":"\tElementi bekle ve sonra týkla {} : public void checkElementExistsThenClick(String key)"}
{"logLevel":"debug","message":"\tClick to element {} : public void clickElement(String key)"}
{"logLevel":"debug","message":"\tTrendyol arama çubuðu bilgisi için istek atilir : public void sendPostApi()"}
{"logLevel":"debug","message":"\tElementi bekle {} : public void checkElementExistsThenClickk(String key)"}
{"logLevel":"debug","message":"\tWait for element if exist {} : public void checkElementExistsThenClickk(String key)"}
{"logLevel":"debug","message":"\t{} elementi {} deðiþken deðerini içeriyor mu kontrol et : public void getCurrentDateandClickkk(String key, String variablename)"}
{"logLevel":"debug","message":"\tdeneme : public void checkElementExistsThenClick(String key)"}
{"logLevel":"debug","message":"\t{} li elementi bul, temizle ve {} deðerini yaz : public void sendKeysByKey(String key, String text)"}
{"logLevel":"debug","message":"\tElementine týkla {} : public void clickElement(String key)"}
{"logLevel":"debug","message":"\t{} {} deðiþkenlerini topla ve arayüzde görünen amount ile {} eþit mi kontrol et : public void checkSumElement(String variablename1, String variablename2, String key)"}
{"logLevel":"debug","message":"\tCheck if {} element's attribute {} equals to the value {} : public void checkElementAttributeEquals(String key, String attribute, String expectedValue)"}
{"logLevel":"debug","message":"\t{} textini {} elemente yaz : public void ssendKeys(String text, String key)"}
2025-01-11 17:51:28 INFO  Reflections:219 scan - Reflections took 493 ms to scan 148 urls, producing 5321 keys and 23716 values
2025-01-11 17:51:28 INFO  BaseTest:43 setUp - ************************************  BeforeScenario  ************************************
Oca 11, 2025 5:51:28 ÖS org.openqa.selenium.remote.DesiredCapabilities chrome
INFO: Using `new ChromeOptions()` is preferred to `DesiredCapabilities.chrome()`
Starting ChromeDriver 131.0.6778.264 (2d05e31515360f4da764174f7c448b33e36da871-refs/branch-heads/6778@{#4323}) on port 24199
Only local connections are allowed.
Please see https://chromedriver.chromium.org/security-considerations for suggestions on keeping ChromeDriver safe.
ChromeDriver was started successfully on port 24199.
Oca 11, 2025 5:51:29 ÖS org.openqa.selenium.remote.ProtocolHandshake createSession
INFO: Detected dialect: W3C
{"logLevel":"debug","message":"Executing '{} textini {} elemente yaz' using 'class step.BaseSteps.ssendKeys"}
2025-01-11 17:51:31 INFO  BaseSteps:234 ssendKeys - LoginUserNameInput elementine duygu.seyis@testinium.com texti yazÄ±ldÄ±.
{"logLevel":"debug","message":"Executing '{} textini {} elemente yaz' using 'class step.BaseSteps.ssendKeys"}
2025-01-11 17:51:31 INFO  BaseSteps:234 ssendKeys - LoginPasswordInput elementine Df.080119 texti yazÄ±ldÄ±.
{"logLevel":"debug","message":"Executing 'Elementine týkla {}' using 'class step.BaseSteps.clickElement"}
2025-01-11 17:51:31 INFO  BaseSteps:112 clickElement - LoginButon elementine tÄ±klandÄ±.
{"logLevel":"debug","message":"Executing 'Elementi bekle {}' using 'class step.BaseSteps.checkElementExistsThenClickk"}
2025-01-11 17:51:31 INFO  BaseSteps:123 getElementWithKeyIfExists - OpenMoneyTransferButon elementi bulundu.
2025-01-11 17:51:31 INFO  BaseSteps:104 checkElementExistsThenClickk - OpenMoneyTransferButon elementine tÄ±klandÄ±.
{"logLevel":"debug","message":"Executing 'Elementine týkla {}' using 'class step.BaseSteps.clickElement"}
2025-01-11 17:51:31 INFO  BaseSteps:112 clickElement - OpenMoneyTransferButon elementine tÄ±klandÄ±.
{"logLevel":"debug","message":"Executing 'Elementi bekle {}' using 'class step.BaseSteps.checkElementExistsThenClickk"}
2025-01-11 17:51:32 INFO  BaseSteps:123 getElementWithKeyIfExists - HomePageTransferMoneyButon elementi bulundu.
2025-01-11 17:51:32 INFO  BaseSteps:104 checkElementExistsThenClickk - HomePageTransferMoneyButon elementine tÄ±klandÄ±.
{"logLevel":"debug","message":"Executing 'Elementine týkla {}' using 'class step.BaseSteps.clickElement"}
2025-01-11 17:51:32 INFO  BaseSteps:112 clickElement - OpenAddMoneyButon elementine tÄ±klandÄ±.
{"logLevel":"debug","message":"Executing 'Elementi bekle {}' using 'class step.BaseSteps.checkElementExistsThenClickk"}
2025-01-11 17:51:32 INFO  BaseSteps:123 getElementWithKeyIfExists - AddMoneyCardNumberInput elementi bulundu.
2025-01-11 17:51:32 INFO  BaseSteps:104 checkElementExistsThenClickk - AddMoneyCardNumberInput elementine tÄ±klandÄ±.
{"logLevel":"debug","message":"Executing '{} textini {} elemente yaz' using 'class step.BaseSteps.ssendKeys"}
2025-01-11 17:51:32 INFO  BaseSteps:234 ssendKeys - AddMoneyCardNumberInput elementine 1234123412341234 texti yazÄ±ldÄ±.
{"logLevel":"debug","message":"Executing '{} textini {} elemente yaz' using 'class step.BaseSteps.ssendKeys"}
2025-01-11 17:51:32 INFO  BaseSteps:234 ssendKeys - AddMoneyCardHolderInput elementine test test texti yazÄ±ldÄ±.
{"logLevel":"debug","message":"Executing '{} textini {} elemente yaz' using 'class step.BaseSteps.ssendKeys"}
2025-01-11 17:51:32 INFO  BaseSteps:234 ssendKeys - AddMoneyExpiryDate elementine 1026 texti yazÄ±ldÄ±.
{"logLevel":"debug","message":"Executing '{} textini {} elemente yaz' using 'class step.BaseSteps.ssendKeys"}
2025-01-11 17:51:32 INFO  BaseSteps:234 ssendKeys - AddMoneyCVV elementine 110 texti yazÄ±ldÄ±.
{"logLevel":"debug","message":"Executing '{} textini {} elemente yaz' using 'class step.BaseSteps.ssendKeys"}
2025-01-11 17:51:32 INFO  BaseSteps:234 ssendKeys - AddMoneyAmount elementine 100 texti yazÄ±ldÄ±.
{"logLevel":"debug","message":"Executing '{} elementine týkla ardýndan güncel tarih ve saati {} deðiþkenine kaydet' using 'class step.BaseSteps.getCurrentDateandClick"}
2025-01-11 17:51:32 INFO  BaseSteps:185 getCurrentDateandClick - Kaydedilen tarih:11-01-2025 17:51
{"logLevel":"debug","message":"Executing '{} milisaniye bekle' using 'class step.BaseSteps.waitByMilliSeconds"}
2025-01-11 17:51:32 INFO  BaseSteps:86 waitByMilliSeconds - 1000 milisaniye bekleniyor.
{"logLevel":"debug","message":"Executing '{} elementi {} deðiþken deðerini içeriyor mu kontrol et' using 'class step.BaseSteps.getCurrentDateandClickkk"}
2025-01-11 17:51:34 INFO  BaseSteps:191 getCurrentDateandClickkk - 11-01-2025 17:51 : 11-01-2025 17:51:33
{"logLevel":"debug","message":"Killing Java runner..."}
{"logLevel":"debug","message":"Stopping execution pool..."}
{"logLevel":"debug","message":"Shutting down grpc server..."}
{"logLevel":"debug","message":"Runner killed gracefully."}
