{"logLevel":"debug","message":"multithreading is set to false"}
{"logLevel":"debug","message":"Using reflection to scan dependencies for gauge implementations..."}
SLF4J: A number (20) of logging calls during the initialization phase have been intercepted and are
SLF4J: now being replayed. These are subject to the filtering rules of the underlying logging system.
SLF4J: See also http://www.slf4j.org/codes.html#replay
{"logLevel":"debug","message":"gauge-java took 2156milliseconds to load and scan. This should be less than 'runner_connection_timeout' config value."}
{"logLevel":"debug","message":"run 'gauge config runner_connection_timeout' and verify that it is < 2156"}
{"logLevel":"debug","message":"starting gRPC server..."}
2025-01-09 15:35:49 INFO  Reflections:219 scan - Reflections took 1761 ms to scan 142 urls, producing 5140 keys and 31116 values
{"logLevel":"debug","message":"started gRPC server on port 52079"}
{"logLevel":"info","message":"Listening on port:52079"}
{"logLevel":"debug","message":"Scanning packages for steps"}
{"logLevel":"debug","message":"Comparing 'step.BaseSteps.getElementWithKeyIfExistsWithMessage' and 'step.BaseSteps.getElementWithKeyIfExistsWithMessage'"}
{"logLevel":"debug","message":"Found Check if element {} exists else print message {} in current project scope."}
{"logLevel":"debug","message":"Comparing 'step.BaseSteps.getElementWithKeyIfExistsWithMessage' and 'step.BaseSteps.getElementWithKeyIfExistsWithMessage'"}
{"logLevel":"debug","message":"Found Element {} var mý kontrol et yoksa hata mesajý ver {} in current project scope."}
{"logLevel":"debug","message":"Comparing 'step.BaseSteps.sendKeysByKey' and 'step.BaseSteps.sendKeysByKey'"}
{"logLevel":"debug","message":"Found {} li elementi bul, temizle ve {} deðerini yaz in current project scope."}
{"logLevel":"debug","message":"Comparing 'step.BaseSteps.sendKeysByKey' and 'step.BaseSteps.sendKeysByKey'"}
{"logLevel":"debug","message":"Found Find element by {} clear and send keys {} in current project scope."}
{"logLevel":"debug","message":"Comparing 'step.BaseSteps.sendPostApi' and 'step.BaseSteps.sendPostApi'"}
{"logLevel":"debug","message":"Found Trendyol arama çubuðu bilgisi için istek atilir in current project scope."}
{"logLevel":"debug","message":"Comparing 'step.BaseSteps.checkElementAttributeNotExists' and 'step.BaseSteps.checkElementAttributeNotExists'"}
{"logLevel":"debug","message":"Found Check if element {} not have attribute {} in current project scope."}
{"logLevel":"debug","message":"Comparing 'step.BaseSteps.checkElementAttributeNotExists' and 'step.BaseSteps.checkElementAttributeNotExists'"}
{"logLevel":"debug","message":"Found {} elementi {} niteliðine sahip deðil mi in current project scope."}
{"logLevel":"debug","message":"Comparing 'step.BaseSteps.checkElementAttributeExists' and 'step.BaseSteps.checkElementAttributeExists'"}
{"logLevel":"debug","message":"Found Check if element {} has attribute {} in current project scope."}
{"logLevel":"debug","message":"Comparing 'step.BaseSteps.checkElementAttributeExists' and 'step.BaseSteps.checkElementAttributeExists'"}
{"logLevel":"debug","message":"Found {} elementi {} niteliðine sahip mi in current project scope."}
{"logLevel":"debug","message":"Comparing 'step.BaseSteps.checkURLContainsRepeat' and 'step.BaseSteps.checkURLContainsRepeat'"}
{"logLevel":"debug","message":"Found Check if current URL contains the value {} in current project scope."}
{"logLevel":"debug","message":"Comparing 'step.BaseSteps.checkURLContainsRepeat' and 'step.BaseSteps.checkURLContainsRepeat'"}
{"logLevel":"debug","message":"Found Þuanki URL {} deðerini içeriyor mu kontrol et in current project scope."}
{"logLevel":"debug","message":"Comparing 'step.BaseSteps.clickElement' and 'step.BaseSteps.clickElement'"}
{"logLevel":"debug","message":"Found Click to element {} in current project scope."}
{"logLevel":"debug","message":"Comparing 'step.BaseSteps.clickElement' and 'step.BaseSteps.clickElement'"}
{"logLevel":"debug","message":"Found Elementine týkla {} in current project scope."}
{"logLevel":"debug","message":"Comparing 'step.BaseSteps.checkElementAttributeEquals' and 'step.BaseSteps.checkElementAttributeEquals'"}
{"logLevel":"debug","message":"Found Check if {} element's attribute {} equals to the value {} in current project scope."}
{"logLevel":"debug","message":"Comparing 'step.BaseSteps.checkElementAttributeEquals' and 'step.BaseSteps.checkElementAttributeEquals'"}
{"logLevel":"debug","message":"Found {} elementinin {} niteliði {} deðerine sahip mi in current project scope."}
{"logLevel":"debug","message":"Comparing 'step.BaseSteps.checkElementExistsThenClickk' and 'step.BaseSteps.checkElementExistsThenClickk'"}
{"logLevel":"debug","message":"Found Wait for element if exist {} in current project scope."}
{"logLevel":"debug","message":"Comparing 'step.BaseSteps.checkElementExistsThenClickk' and 'step.BaseSteps.checkElementExistsThenClickk'"}
{"logLevel":"debug","message":"Found Elementi bekle {} in current project scope."}
{"logLevel":"debug","message":"Comparing 'step.BaseSteps.getElementWithKeyIfExists' and 'step.BaseSteps.getElementWithKeyIfExists'"}
{"logLevel":"debug","message":"Found Check if element {} exists in current project scope."}
{"logLevel":"debug","message":"Comparing 'step.BaseSteps.getElementWithKeyIfExists' and 'step.BaseSteps.getElementWithKeyIfExists'"}
{"logLevel":"debug","message":"Found Element var mý kontrol et {} in current project scope."}
{"logLevel":"debug","message":"Comparing 'step.BaseSteps.ssendKeys' and 'step.BaseSteps.ssendKeys'"}
{"logLevel":"debug","message":"Found Write value {} to element {} in current project scope."}
{"logLevel":"debug","message":"Comparing 'step.BaseSteps.ssendKeys' and 'step.BaseSteps.ssendKeys'"}
{"logLevel":"debug","message":"Found {} textini {} elemente yaz in current project scope."}
{"logLevel":"debug","message":"Comparing 'step.BaseSteps.checkElementContainsText' and 'step.BaseSteps.checkElementContainsText'"}
{"logLevel":"debug","message":"Found Check if element {} contains text {} in current project scope."}
{"logLevel":"debug","message":"Comparing 'step.BaseSteps.checkElementContainsText' and 'step.BaseSteps.checkElementContainsText'"}
{"logLevel":"debug","message":"Found {} elementi {} deðerini içeriyor mu kontrol et in current project scope."}
{"logLevel":"debug","message":"Comparing 'step.BaseSteps.waitByMilliSeconds' and 'step.BaseSteps.waitByMilliSeconds'"}
{"logLevel":"debug","message":"Found Wait {} milliseconds in current project scope."}
{"logLevel":"debug","message":"Comparing 'step.BaseSteps.waitByMilliSeconds' and 'step.BaseSteps.waitByMilliSeconds'"}
{"logLevel":"debug","message":"Found {} milisaniye bekle in current project scope."}
{"logLevel":"debug","message":"Comparing 'step.BaseSteps.checkElementNotExists' and 'step.BaseSteps.checkElementNotExists'"}
{"logLevel":"debug","message":"Found Check if element {} not exists in current project scope."}
{"logLevel":"debug","message":"Comparing 'step.BaseSteps.checkElementNotExists' and 'step.BaseSteps.checkElementNotExists'"}
{"logLevel":"debug","message":"Found Element yok mu kontrol et {} in current project scope."}
{"logLevel":"debug","message":"Comparing 'step.BaseSteps.checkElementExistsThenClick' and 'step.BaseSteps.checkElementExistsThenClick'"}
{"logLevel":"debug","message":"Found Wait for element then click {} in current project scope."}
{"logLevel":"debug","message":"Comparing 'step.BaseSteps.checkElementExistsThenClick' and 'step.BaseSteps.checkElementExistsThenClick'"}
{"logLevel":"debug","message":"Found Elementi bekle ve sonra týkla {} in current project scope."}
{"logLevel":"debug","message":"Comparing 'step.BaseSteps.sendPostApi' and 'step.BaseSteps.sendPostApi'"}
{"logLevel":"debug","message":"Found Trendyol {} li arama çubuðuna apiden gelen response yazilir in current project scope."}
{"logLevel":"debug","message":"Comparing 'step.BaseSteps.goToUrl' and 'step.BaseSteps.goToUrl'"}
{"logLevel":"debug","message":"Found Go to {} address in current project scope."}
{"logLevel":"debug","message":"Comparing 'step.BaseSteps.goToUrl' and 'step.BaseSteps.goToUrl'"}
{"logLevel":"debug","message":"Found {} adresine git in current project scope."}
{"logLevel":"debug","message":"Comparing 'step.BaseSteps.checkElementAttributeContains' and 'step.BaseSteps.checkElementAttributeContains'"}
{"logLevel":"debug","message":"Found Check if {} element's attribute {} contains the value {} in current project scope."}
{"logLevel":"debug","message":"Comparing 'step.BaseSteps.checkElementAttributeContains' and 'step.BaseSteps.checkElementAttributeContains'"}
{"logLevel":"debug","message":"Found {} elementinin {} niteliði {} deðerini içeriyor mu in current project scope."}
{"logLevel":"debug","message":"Scanning packages for hooks"}
{"logLevel":"debug","message":"Scanned steps (using static parsing + reflections): "}
{"logLevel":"debug","message":"\tWait {} milliseconds : public void waitByMilliSeconds(long milliseconds)"}
{"logLevel":"debug","message":"\tCheck if element {} not have attribute {} : public void checkElementAttributeNotExists(String key, String attribute)"}
{"logLevel":"debug","message":"\t{} milisaniye bekle : public void waitByMilliSeconds(long milliseconds)"}
{"logLevel":"debug","message":"\t{} adresine git : public void goToUrl(String url)"}
{"logLevel":"debug","message":"\tCheck if element {} has attribute {} : public void checkElementAttributeExists(String key, String attribute)"}
{"logLevel":"debug","message":"\tTrendyol {} li arama çubuðuna apiden gelen response yazilir : public void sendPostApi(String key)"}
{"logLevel":"debug","message":"\tElement {} var mý kontrol et yoksa hata mesajý ver {} : public void getElementWithKeyIfExistsWithMessage(String key, String message)"}
{"logLevel":"debug","message":"\t{} elementi {} deðerini içeriyor mu kontrol et : public void checkElementContainsText(String key, String expectedText)"}
{"logLevel":"debug","message":"\tElement yok mu kontrol et {} : public void checkElementNotExists(String key)"}
{"logLevel":"debug","message":"\tCheck if element {} exists else print message {} : public void getElementWithKeyIfExistsWithMessage(String key, String message)"}
{"logLevel":"debug","message":"\t{} elementi {} niteliðine sahip deðil mi : public void checkElementAttributeNotExists(String key, String attribute)"}
{"logLevel":"debug","message":"\tElement var mý kontrol et {} : public WebElement getElementWithKeyIfExists(String key)"}
{"logLevel":"debug","message":"\tCheck if {} element's attribute {} contains the value {} : public void checkElementAttributeContains(String key, String attribute, String expectedValue)"}
{"logLevel":"debug","message":"\tWait for element then click {} : public void checkElementExistsThenClick(String key)"}
{"logLevel":"debug","message":"\tÞuanki URL {} deðerini içeriyor mu kontrol et : public void checkURLContainsRepeat(String expectedURL)"}
{"logLevel":"debug","message":"\tFind element by {} clear and send keys {} : public void sendKeysByKey(String key, String text)"}
{"logLevel":"debug","message":"\t{} elementinin {} niteliði {} deðerini içeriyor mu : public void checkElementAttributeContains(String key, String attribute, String expectedValue)"}
{"logLevel":"debug","message":"\t{} elementinin {} niteliði {} deðerine sahip mi : public void checkElementAttributeEquals(String key, String attribute, String expectedValue)"}
{"logLevel":"debug","message":"\tGo to {} address : public void goToUrl(String url)"}
{"logLevel":"debug","message":"\t{} elementi {} niteliðine sahip mi : public void checkElementAttributeExists(String key, String attribute)"}
{"logLevel":"debug","message":"\tCheck if element {} exists : public WebElement getElementWithKeyIfExists(String key)"}
{"logLevel":"debug","message":"\tWrite value {} to element {} : public void ssendKeys(String text, String key)"}
{"logLevel":"debug","message":"\tCheck if current URL contains the value {} : public void checkURLContainsRepeat(String expectedURL)"}
{"logLevel":"debug","message":"\tCheck if element {} not exists : public void checkElementNotExists(String key)"}
{"logLevel":"debug","message":"\tCheck if element {} contains text {} : public void checkElementContainsText(String key, String expectedText)"}
{"logLevel":"debug","message":"\tElementi bekle ve sonra týkla {} : public void checkElementExistsThenClick(String key)"}
{"logLevel":"debug","message":"\tClick to element {} : public void clickElement(String key)"}
{"logLevel":"debug","message":"\tTrendyol arama çubuðu bilgisi için istek atilir : public void sendPostApi()"}
{"logLevel":"debug","message":"\tElementi bekle {} : public void checkElementExistsThenClickk(String key)"}
{"logLevel":"debug","message":"\tWait for element if exist {} : public void checkElementExistsThenClickk(String key)"}
{"logLevel":"debug","message":"\t{} li elementi bul, temizle ve {} deðerini yaz : public void sendKeysByKey(String key, String text)"}
{"logLevel":"debug","message":"\tElementine týkla {} : public void clickElement(String key)"}
{"logLevel":"debug","message":"\tCheck if {} element's attribute {} equals to the value {} : public void checkElementAttributeEquals(String key, String attribute, String expectedValue)"}
{"logLevel":"debug","message":"\t{} textini {} elemente yaz : public void ssendKeys(String text, String key)"}
2025-01-09 15:35:50 INFO  Reflections:219 scan - Reflections took 771 ms to scan 142 urls, producing 5061 keys and 22649 values
2025-01-09 15:35:50 INFO  BaseTest:43 setUp - ************************************  BeforeScenario  ************************************
Oca 09, 2025 3:35:50 ÖS org.openqa.selenium.remote.DesiredCapabilities chrome
INFO: Using `new ChromeOptions()` is preferred to `DesiredCapabilities.chrome()`
Starting ChromeDriver 131.0.6778.264 (2d05e31515360f4da764174f7c448b33e36da871-refs/branch-heads/6778@{#4323}) on port 35890
Only local connections are allowed.
Please see https://chromedriver.chromium.org/security-considerations for suggestions on keeping ChromeDriver safe.
ChromeDriver was started successfully on port 35890.
Oca 09, 2025 3:35:51 ÖS org.openqa.selenium.remote.ProtocolHandshake createSession
INFO: Detected dialect: W3C
{"logLevel":"debug","message":"Executing '{} textini {} elemente yaz' using 'class step.BaseSteps.ssendKeys"}
2025-01-09 15:35:53 INFO  BaseSteps:165 ssendKeys - LoginUserNameInput elementine duygu.seyis@testinium.com texti yazÄ±ldÄ±.
{"logLevel":"debug","message":"Executing '{} textini {} elemente yaz' using 'class step.BaseSteps.ssendKeys"}
2025-01-09 15:35:53 INFO  BaseSteps:165 ssendKeys - LoginPasswordInput elementine Df.080119 texti yazÄ±ldÄ±.
{"logLevel":"debug","message":"Executing 'Elementine týkla {}' using 'class step.BaseSteps.clickElement"}
2025-01-09 15:35:53 INFO  BaseSteps:99 clickElement - LoginButon elementine tÄ±klandÄ±.
{"logLevel":"debug","message":"Executing 'Elementi bekle {}' using 'class step.BaseSteps.checkElementExistsThenClickk"}
2025-01-09 15:35:54 INFO  BaseSteps:110 getElementWithKeyIfExists - OpenMoneyTransferButon elementi bulundu.
2025-01-09 15:35:54 INFO  BaseSteps:99 clickElement - OpenMoneyTransferButon elementine tÄ±klandÄ±.
2025-01-09 15:35:54 INFO  BaseSteps:91 checkElementExistsThenClickk - OpenMoneyTransferButon elementine tÄ±klandÄ±.
{"logLevel":"debug","message":"Executing 'Elementine týkla {}' using 'class step.BaseSteps.clickElement"}
{"logLevel":"debug","message":"Killing Java runner..."}
{"logLevel":"debug","message":"Stopping execution pool..."}
{"logLevel":"debug","message":"Shutting down grpc server..."}
{"logLevel":"debug","message":"Runner killed gracefully."}
